<?xml version="1.0" encoding="UTF-8"?>
<!-- Generated by org.testng.reporters.JUnitReportReporter -->
<testsuite hostname="DESKTOP-H029CPK" failures="0" tests="2" name="Tests.LoginTest" time="16.929" errors="0" timestamp="2025-03-22T16:32:11 IST" skipped="0">
  <testcase classname="Tests.LoginTest" name="testLoginWithValidCredentials" time="5.439"/>
  <system-out/>
  <testcase classname="Tests.LoginTest" name="testLoginWithInvalidCredentials" time="11.490"/>
  <system-out/>
</testsuite> <!-- Tests.LoginTest -->
