<?xml version="1.0" encoding="UTF-8"?>
<!-- Generated by org.testng.reporters.JUnitReportReporter -->
<testsuite hostname="DESKTOP-H029CPK" failures="0" tests="2" name="Tests.RegistrationTest" time="16.849" errors="0" timestamp="2025-03-22T15:28:55 IST" skipped="0">
  <testcase classname="Tests.RegistrationTest" name="testValidRegistration" time="8.283"/>
  <system-out/>
  <testcase classname="Tests.RegistrationTest" name="duplicateRegistration" time="8.566"/>
  <system-out/>
</testsuite> <!-- Tests.RegistrationTest -->
